1288481886|#|frozeman|#|19
1288481882|#|frozeman|#|19
1288481873|#|frozeman|#|19
1288481870|#|frozeman|#|19
1288481866|#|frozeman|#|19
1288481855|#|frozeman|#|19
1288481757|#|frozeman|#|7
1288481749|#|frozeman|#|7
1288481716|#|frozeman|#|7
1288481707|#|frozeman|#|7
1288481701|#|frozeman|#|7
1288481670|#|frozeman|#|7
1288481511|#|frozeman|#|27|#|test&quot;menno
1288480916|#|frozeman|#|27|#|test&quot;menno
1288480891|#|frozeman|#|28|#|test&quot;menno
1288480885|#|frozeman|#|28|#|test&039;menno
1288480762|#|frozeman|#|28|#|test&ouml;menno
1288480700|#|frozeman|#|28|#|test&ouml;menno
1288478942|#|frozeman|#|28|#|test&039;menno
1288478933|#|frozeman|#|25
1288478785|#|frozeman|#|8
1288478782|#|frozeman|#|8
1288478772|#|frozeman|#|8
1288478764|#|frozeman|#|8
1288478717|#|frozeman|#|8
1288478464|#|frozeman|#|8
1288478451|#|frozeman|#|8
1288478437|#|frozeman|#|8
1288478429|#|frozeman|#|8
1288478423|#|frozeman|#|8
1288478419|#|frozeman|#|8
1288478320|#|frozeman|#|8
1288478316|#|frozeman|#|8
1288478078|#|frozeman|#|8
1288478072|#|frozeman|#|8
1288478064|#|frozeman|#|8
1288478057|#|frozeman|#|8
1288478051|#|frozeman|#|8
1288478012|#|frozeman|#|8
1288478004|#|frozeman|#|8
1288477933|#|frozeman|#|18
1288477926|#|frozeman|#|18
1288477925|#|frozeman|#|18
1288477919|#|frozeman|#|18
1288477865|#|frozeman|#|6|#|page=30
1288477853|#|frozeman|#|5|#|page=30
1288477840|#|frozeman|#|6|#|page=30
1288477823|#|frozeman|#|14
1288477813|#|frozeman|#|6|#|page=30
1288477799|#|frozeman|#|14
1288477722|#|frozeman|#|14
1288477664|#|frozeman|#|14
1288477653|#|frozeman|#|14
1288477646|#|frozeman|#|14
1288477407|#|frozeman|#|14
1288477399|#|frozeman|#|14
1288477391|#|frozeman|#|14
1288477387|#|frozeman|#|14
1288477381|#|frozeman|#|14
1288477326|#|frozeman|#|14
1288477317|#|frozeman|#|14
1288477313|#|frozeman|#|14
1288477272|#|frozeman|#|14
1288477251|#|frozeman|#|14
1288477172|#|frozeman|#|18
1288477166|#|frozeman|#|18
1288477160|#|frozeman|#|18
1288477154|#|frozeman|#|18
1288477139|#|frozeman|#|18
1288477055|#|frozeman|#|18
1288477049|#|frozeman|#|18
1288477042|#|frozeman|#|18
1288476916|#|frozeman|#|18
1288476903|#|frozeman|#|18
1288476894|#|frozeman|#|18
1288476840|#|frozeman|#|18
1288476831|#|frozeman|#|18
1288476812|#|frozeman|#|18
1288476801|#|frozeman|#|18
1288476749|#|frozeman|#|18
1288476740|#|frozeman|#|18
1288476733|#|frozeman|#|18
1288476669|#|frozeman|#|18
1288476581|#|frozeman|#|18
1288476570|#|frozeman|#|18
1288476560|#|frozeman|#|18
1288476550|#|frozeman|#|18
1288476492|#|frozeman|#|18
1288476483|#|frozeman|#|18
1288476472|#|frozeman|#|18
1288476353|#|frozeman|#|1|#|page=18
1288476339|#|frozeman|#|1|#|page=18
1288476320|#|frozeman|#|1|#|page=18
1288476228|#|frozeman|#|1|#|page=18
1288476202|#|frozeman|#|1|#|page=18
1288472690|#|frozeman|#|1|#|page=18
1288472686|#|frozeman|#|1|#|page=18
1288472679|#|frozeman|#|1|#|page=18
1288470076|#|frozeman|#|1|#|page=18
1288470060|#|frozeman|#|1|#|page=18
1288470021|#|frozeman|#|1|#|page=18
1288469949|#|frozeman|#|1|#|page=18
1288469940|#|frozeman|#|1|#|page=18
1288469608|#|frozeman|#|1|#|page=18
1288469592|#|frozeman|#|1|#|page=18
1288468699|#|frozeman|#|8
1288468683|#|frozeman|#|8
1288468504|#|frozeman|#|8
1288468485|#|frozeman|#|8
1288468434|#|frozeman|#|8
1288468421|#|frozeman|#|8
1288468411|#|frozeman|#|8
1288468344|#|frozeman|#|8
1288468328|#|frozeman|#|8
1288468316|#|frozeman|#|8
1288368712|#|frozeman|#|4|#|page=1|-|category=0|-|moved
1288368710|#|frozeman|#|4|#|page=1|-|category=0|-|moved
1288361502|#|frozeman|#|1|#|page=13
1288360461|#|frozeman|#|1|#|page=13
1288360460|#|frozeman|#|1|#|page=13
1288359243|#|frozeman|#|1|#|page=13
1288359230|#|frozeman|#|1|#|page=13
1288359228|#|frozeman|#|1|#|page=13
1288358650|#|frozeman|#|1|#|page=13
1288358641|#|frozeman|#|1|#|page=13
1288358122|#|frozeman|#|1|#|page=13
1288358119|#|frozeman|#|1|#|page=13
1288303805|#|frozeman|#|18
1288303770|#|frozeman|#|18
1288303698|#|frozeman|#|18
1288303607|#|frozeman|#|1|#|page=1
1288303591|#|frozeman|#|1|#|page=1
1288303581|#|frozeman|#|1|#|page=1
1288303561|#|frozeman|#|1|#|page=1
1288303556|#|frozeman|#|1|#|page=1
1288303550|#|frozeman|#|1|#|page=1
1288303550|#|frozeman|#|1|#|page=1
1288303543|#|frozeman|#|1|#|page=1
1288303522|#|frozeman|#|1|#|page=1
1288303518|#|frozeman|#|1|#|page=1
1288303510|#|frozeman|#|1|#|page=1
1288303390|#|frozeman|#|1|#|page=1
1288303385|#|frozeman|#|1|#|page=1
1288303375|#|frozeman|#|1|#|page=1
1288303367|#|frozeman|#|1|#|page=1
1288303255|#|frozeman|#|1|#|page=1
1288303235|#|frozeman|#|1|#|page=1
1288303173|#|frozeman|#|1|#|page=1
1288303163|#|frozeman|#|1|#|page=1
1288303140|#|frozeman|#|1|#|page=1
1288302929|#|frozeman|#|1|#|page=1
1288302888|#|frozeman|#|1|#|page=1
1288302814|#|frozeman|#|1|#|page=1
1288302108|#||#|1|#|page=10
1288302094|#||#|1|#|page=10
1288302090|#||#|1|#|page=10
1288302042|#||#|1|#|page=3
1288302033|#||#|1|#|page=3
1288301987|#||#|1|#|page=3
1288301956|#||#|1|#|page=12
1288301785|#||#|1|#|page=1
1288301767|#||#|1|#|page=1
1288301574|#||#|1|#|page=1
1288301570|#||#|1|#|page=1
1288301567|#||#|1|#|page=1
1288301565|#||#|1|#|page=1
1288301563|#||#|1|#|page=1
1288301562|#||#|1|#|page=1
1288301534|#||#|1|#|page=1
1288301532|#||#|1|#|page=1
1288301530|#||#|1|#|page=1
1288301528|#||#|1|#|page=1
1288301490|#||#|1|#|page=1
1288301488|#||#|1|#|page=1
1288301482|#||#|1|#|page=1
1288301479|#||#|1|#|page=1
1288301444|#||#|1|#|page=1
1288301425|#||#|1|#|page=1
1288301419|#||#|1|#|page=1
1288301193|#||#|1|#|page=1
1288301172|#||#|1|#|page=1
1288301063|#||#|1|#|page=1
1288301061|#||#|1|#|page=1
1288301004|#||#|1|#|page=1
1288301001|#||#|1|#|page=1
1288300945|#||#|1|#|page=1
1288300928|#||#|1|#|page=1
1288300884|#||#|1|#|page=1
1288300881|#||#|1|#|page=1
1288300877|#||#|1|#|page=1
1288300814|#||#|1|#|page=1
1288300811|#||#|1|#|page=1
1288300773|#||#|1|#|page=1
1288300545|#||#|1|#|page=1
1288300484|#||#|1|#|page=1
1288300461|#||#|1|#|page=1
1288300417|#||#|1|#|page=1
1288300367|#||#|1|#|page=1
1288300342|#||#|1|#|page=1
1288300315|#||#|1|#|page=1
