2010-08-09 23:22:51 http://www.google.de/search?hl=de&q=feindura+cms&aq=f&aqi=&aql=&oq=&gs_rfai=
2010-08-09 22:17:04 http://www.google.de/search?hl=de&q=feindura+cms&aq=f&aqi=&aql=&oq=&gs_rfai=
2010-08-09 19:11:46 http://www.google.de/search?q=feindura&num=20&hl=de&safe=off&client=firefox-a&rls=org.mozilla:de:official&ei=hjZgTP_nNMyaON3Qnb0J&start=20&sa=N
2010-08-09 18:38:31 http://www.google.de/search?q=feindura&hl=de&ei=7C5gTMSVFpSOOPC8qb4J&start=20&sa=N
2010-08-09 18:06:03 http://www.google.se/search?q=feindura&ie=utf-8&oe=utf-8&aq=t&rls=org.mozilla:en-US:official&client=firefox-a
2010-08-09 16:10:43 http://php.opensourcecms.com/scripts/redirect/website.php?id=425
2010-08-09 14:00:28 http://php.opensourcecms.com/scripts/redirect/website.php?id=425
2010-08-09 13:03:34 http://php.opensourcecms.com/scripts/redirect/website.php?id=425
2010-08-09 05:54:45 http://php.opensourcecms.com/scripts/redirect/website.php?id=425
2010-08-08 19:35:39 http://php.opensourcecms.com/scripts/redirect/website.php?id=425
2010-08-08 18:58:34 http://sourceforge.net/projects/feindura/support
2010-08-08 15:01:52 http://php.opensourcecms.com/scripts/redirect/website.php?id=425
2010-08-08 14:14:02 http://php.opensourcecms.com/scripts/redirect/website.php?id=425
2010-08-08 14:04:04 http://sourceforge.net/projects/feindura/
2010-08-08 11:43:43 http://php.opensourcecms.com/scripts/redirect/website.php?id=425
2010-08-08 09:10:15 http://php.opensourcecms.com/scripts/redirect/website.php?id=425
2010-08-08 08:47:01 http://php.opensourcecms.com/scripts/redirect/website.php?id=425
2010-08-07 23:34:55 http://php.opensourcecms.com/scripts/redirect/website.php?id=425
2010-08-07 23:32:37 http://www.gutefrage.net/frage/welches-cms-kann-ich-verwenden-um-eine-kleine-homepage-zu-erstellen
2010-08-07 13:23:13 http://php.opensourcecms.com/scripts/redirect/website.php?id=425
2010-08-05 22:31:01 http://php.opensourcecms.com/scripts/redirect/website.php?id=425
2010-08-05 11:34:33 http://www.google.com/search?q=flat+file+cms&hl=en&client=firefox-a&hs=IWx&tbo=1&rls=org.mozilla:es-ES:official&tbs=qdr:m&ei=jYVaTI7pL5HQjAfitrWLAg&start=40&sa=N
2010-08-04 23:40:41 http://www.google.co.uk/search?q=free+flatfile+cms&hl=en&client=firefox-a&hs=NhR&tbo=1&rls=org.mozilla:en-GB:official&output=search&source=lnt&tbs=qdr:m&sa=X&ei=Dt5ZTIaNFcjv4AbXsbyrCw&ved=0CAoQpwU
2010-08-04 19:07:23 http://github.com/frozeman/feindura-flat-file-cms
2010-08-04 08:23:59 http://en.wikipedia.org/wiki/Talk:List_of_content_management_systems
2010-08-04 01:18:17 http://www.google.pt/search?q=feindura+cms&ie=utf-8&oe=utf-8&aq=t&rls=org.mozilla:pt-PT:official&client=firefox-a
2010-08-03 21:12:45 http://sourceforge.net/projects/feindura/
2010-08-03 13:55:27 http://github.com/frozeman/feindura-flat-file-cms
2010-08-02 18:06:13 http://frozeman.de/
2010-07-31 01:33:21 http://github.com/frozeman/feindura-flat-file-cms
2010-07-30 02:05:38 http://github.com/frozeman/feindura-flat-file-cms
2010-07-29 17:59:04 http://en.wikipedia.org/wiki/Talk:List_of_content_management_systems
